<?xml version="1.0" encoding="UTF-8"?>
<!-- Generated by org.testng.reporters.JUnitReportReporter -->
<testsuite hostname="LENOVO" failures="0" tests="1" name="TASK_DWS_TEST_SCRIPTS.Login_Buy_TC_005_Test" time="20.823" errors="0" timestamp="2023-12-28T13:01:28 IST" skipped="0">
  <testcase classname="TASK_DWS_TEST_SCRIPTS.Login_Buy_TC_005_Test" name="Login_wishlist_Buy" time="20.823"/>
  <system-out>
TC_005 Login link is clicked Login is successfull if already registered Books link is clicked Computing_and_Internet is clicked Add to cart is clicked ShoppingCartLink is clicked country dropdown is clicked terms checkbox is clicked checkout box is clicked respective continue buttons are clicked confirm button is clicked your order has been successfully processed!  </system-out>
</testsuite> <!-- TASK_DWS_TEST_SCRIPTS.Login_Buy_TC_005_Test -->
