<?xml version="1.0" encoding="UTF-8"?>
<!-- Generated by org.testng.reporters.JUnitReportReporter -->
<testsuite hostname="LENOVO" failures="0" tests="1" name="TASK_DWS_TEST_SCRIPTS.Login_wishlistcart_BuyTC_007_Test" time="26.701" errors="0" timestamp="2023-12-28T13:01:28 IST" skipped="0">
  <testcase classname="TASK_DWS_TEST_SCRIPTS.Login_wishlistcart_BuyTC_007_Test" name="Login_wishlist" time="26.701"/>
  <system-out>
TC_007 Login link is clicked was able to login successfully with already registered details Apparels link is clicked Apparels page is opened blue and green Sneaker is clicked Wishlist button is clicked Wishlist link is clicked add to cart checkbox is clicked add to cart button is clicked country dropdown is clicked terms checkbox is clicked checkout box is clicked continue buttons are clicked confirm button is clicked your order has been successfully processed!  </system-out>
</testsuite> <!-- TASK_DWS_TEST_SCRIPTS.Login_wishlistcart_BuyTC_007_Test -->
