<?xml version="1.0" encoding="UTF-8"?>
<!-- Generated by org.testng.reporters.JUnitReportReporter -->
<testsuite hostname="LENOVO" failures="0" tests="1" name="TASK_DWS_TEST_SCRIPTS.Login_removefromcart_TC_004_Test" time="19.155" errors="0" timestamp="2023-12-28T13:01:28 IST" skipped="0">
  <testcase classname="TASK_DWS_TEST_SCRIPTS.Login_removefromcart_TC_004_Test" name="Login_removefromcart" time="19.155"/>
  <system-out>
TC_004 Login link is clicked Login is successfull iff already registered else register and login Books link is present in nav bar and is clicked Computing_and_Internet is clicked Add to cart is clicked ShoppingCartLink is clicked Remove checkbox is clicked update shopping cart button is clicked  </system-out>
</testsuite> <!-- TASK_DWS_TEST_SCRIPTS.Login_removefromcart_TC_004_Test -->
