<?xml version="1.0" encoding="UTF-8"?>
<!-- Generated by org.testng.reporters.JUnitReportReporter -->
<testsuite hostname="LENOVO" failures="0" tests="1" name="Set2.Car_Brand_03" time="17.582" errors="0" timestamp="2023-12-28T12:30:51 IST" skipped="0">
  <testcase classname="Set2.Car_Brand_03" name="BENZ" time="17.582"/>
  <system-out>
From BENZ  </system-out>
</testsuite> <!-- Set2.Car_Brand_03 -->
