<?xml version="1.0" encoding="UTF-8"?>
<!-- Generated by org.testng.reporters.JUnitReportReporter -->
<testsuite hostname="LENOVO" failures="0" tests="1" name="Set2.Car_Brand_01_Test" time="37.954" errors="0" timestamp="2023-12-28T13:01:28 IST" skipped="0">
  <testcase classname="Set2.Car_Brand_01_Test" name="BMW" time="37.954"/>
  <system-out>
From BMW  </system-out>
</testsuite> <!-- Set2.Car_Brand_01_Test -->
