<?xml version="1.0" encoding="UTF-8"?>
<!-- Generated by org.testng.reporters.JUnitReportReporter -->
<testsuite hostname="LENOVO" failures="0" tests="1" name="Set2.Car_Brand_01" time="57.623" errors="0" timestamp="2023-12-28T12:30:51 IST" skipped="0">
  <testcase classname="Set2.Car_Brand_01" name="BMW" time="57.623"/>
  <system-out>
From BMW  </system-out>
</testsuite> <!-- Set2.Car_Brand_01 -->
