<?xml version="1.0" encoding="UTF-8"?>
<!-- Generated by org.testng.reporters.JUnitReportReporter -->
<testsuite hostname="LENOVO" failures="0" tests="1" name="Set2.Car_Brand_01_Test" time="49.759" errors="0" timestamp="2023-12-28T16:59:06 IST" skipped="0">
  <testcase classname="Set2.Car_Brand_01_Test" name="BMW" time="49.759"/>
  <system-out>
From BMW  </system-out>
</testsuite> <!-- Set2.Car_Brand_01_Test -->
