<?xml version="1.0" encoding="UTF-8"?>
<!-- Generated by org.testng.reporters.JUnitReportReporter -->
<testsuite hostname="LENOVO" failures="0" tests="1" name="Set2.Car_Brand_02_Test" time="35.387" errors="0" timestamp="2023-12-28T12:52:24 IST" skipped="0">
  <testcase classname="Set2.Car_Brand_02_Test" name="MarutiSuzuki" time="35.387"/>
  <system-out>
From Maruti suzuki  </system-out>
</testsuite> <!-- Set2.Car_Brand_02_Test -->
