<?xml version="1.0" encoding="UTF-8"?>
<!-- Generated by org.testng.reporters.JUnitReportReporter -->
<testsuite hostname="LENOVO" failures="0" tests="1" name="Set2.Lakme_01" time="18.654" errors="0" timestamp="2023-12-28T15:44:28 IST" skipped="0">
  <testcase classname="Set2.Lakme_01" name="lakme" time="18.654"/>
  <system-out>
From Lakme  </system-out>
</testsuite> <!-- Set2.Lakme_01 -->
