<?xml version="1.0" encoding="UTF-8"?>
<!-- Generated by org.testng.reporters.JUnitReportReporter -->
<testsuite hostname="LENOVO" failures="0" tests="1" name="TASK_DWS_TEST_SCRIPTS.Login_Addtocart_TC_003_Test" time="18.495" errors="0" timestamp="2023-12-27T11:55:42 IST" skipped="0">
  <testcase classname="TASK_DWS_TEST_SCRIPTS.Login_Addtocart_TC_003_Test" name="Login_addtocart" time="18.495"/>
  <system-out>
TC_003 loginlink is clicked Login is successfull iff already registered else register and then login Books link is present in nav bar and is clicked Computing_and_Internet product is clicked Add to cart is clicked ShoppingCartLink is clicked  </system-out>
</testsuite> <!-- TASK_DWS_TEST_SCRIPTS.Login_Addtocart_TC_003_Test -->
