<?xml version="1.0" encoding="UTF-8"?>
<!-- Generated by org.testng.reporters.JUnitReportReporter -->
<testsuite hostname="LENOVO" failures="0" tests="1" name="TASK_DWS_TEST_SCRIPTS.Login_wishlistcart_BuyTC_007" time="20.050" errors="0" timestamp="2023-12-26T14:27:51 IST" skipped="0">
  <testcase classname="TASK_DWS_TEST_SCRIPTS.Login_wishlistcart_BuyTC_007" name="Login_wishlist" time="20.050"/>
  <system-out>
Login link is clicked Email-id is Entered Password is Entered Login Button is clicked Apparels link is clicked Apparels page is opened blue and green Sneaker is clicked Wishlist button is clicked Wishlist link is clicked add to cart checkbox is clicked add to cart button is clicked country dropdown is clicked terms checkbox is clicked checkout box is clicked continue buttons are clicked confirm buttons is clicked your order has been successfully processed!  </system-out>
</testsuite> <!-- TASK_DWS_TEST_SCRIPTS.Login_wishlistcart_BuyTC_007 -->
