<?xml version="1.0" encoding="UTF-8"?>
<!-- Generated by org.testng.reporters.JUnitReportReporter -->
<testsuite hostname="LENOVO" failures="0" tests="2" name="Set2.Car_Brand_03_Test" time="57.664" errors="0" timestamp="2023-12-28T12:52:24 IST" skipped="0">
  <testcase classname="Set2.Car_Brand_03_Test" name="BENZ" time="12.780"/>
  <system-out>
From BENZ  </system-out>
  <testcase classname="Set2.Car_Brand_03_Test" name="MarutiSuzuki" time="44.884"/>
  <system-out>
From Maruti suzuki  </system-out>
</testsuite> <!-- Set2.Car_Brand_03_Test -->
