<?xml version="1.0" encoding="UTF-8"?>
<!-- Generated by org.testng.reporters.JUnitReportReporter -->
<testsuite hostname="LENOVO" failures="0" tests="1" name="TASK_DWS_TEST_SCRIPTS.Login_wishlistcart_TC_006_Test" time="14.441" errors="0" timestamp="2023-12-27T13:01:32 IST" skipped="0">
  <testcase classname="TASK_DWS_TEST_SCRIPTS.Login_wishlistcart_TC_006_Test" name="Login_wishlist" time="14.441"/>
  <system-out>
TC_006 Login link is present in home page and is clicked Login is successfull iff already registered details are provided was able to Login successfully iff already registered details are provided Apparels and shoes link present in nav bar is clicked Apparels page is opened blue and green Sneaker is present in Apparels and shoes Webpage and is clicked is in blue and green Sneaker product page Wishlist button of particular product is clicked The product has been added to your wishlist Wishlist link is clicked is in Wishlist page remove checkbox is present in wishlist page and is clicked update link is present in wishlist page and is clicked The wishlist is empty! successfully deleted particular product  </system-out>
</testsuite> <!-- TASK_DWS_TEST_SCRIPTS.Login_wishlistcart_TC_006_Test -->
