<?xml version="1.0" encoding="UTF-8"?>
<!-- Generated by org.testng.reporters.JUnitReportReporter -->
<testsuite hostname="LENOVO" failures="0" tests="1" name="TASK_DWS_TEST_SCRIPTS.Login_TC_002" time="8.261" errors="0" timestamp="2023-12-26T15:27:43 IST" skipped="0">
  <testcase classname="TASK_DWS_TEST_SCRIPTS.Login_TC_002" name="Login" time="8.261"/>
  <system-out>
Login link is clicked Email-id is Entered Password is Entered Login Button is clicked  </system-out>
</testsuite> <!-- TASK_DWS_TEST_SCRIPTS.Login_TC_002 -->
