<?xml version="1.0" encoding="UTF-8"?>
<!-- Generated by org.testng.reporters.JUnitReportReporter -->
<testsuite hostname="LENOVO" failures="0" tests="1" name="TASK_DWS_TEST_SCRIPTS.Login_Addtocart_TC_003" time="15.888" errors="0" timestamp="2023-12-26T15:42:28 IST" skipped="0">
  <testcase classname="TASK_DWS_TEST_SCRIPTS.Login_Addtocart_TC_003" name="Login_addtocart" time="15.888"/>
  <system-out>
loginlink is clicked Login is successfull Books present in nav bar and is clicked Computing_and_Internet is clicked Add to cart is clicked ShoppingCartLink is clicked  </system-out>
</testsuite> <!-- TASK_DWS_TEST_SCRIPTS.Login_Addtocart_TC_003 -->
