<?xml version="1.0" encoding="UTF-8"?>
<!-- Generated by org.testng.reporters.JUnitReportReporter -->
<testsuite hostname="LENOVO" failures="0" tests="1" name="TASK_DWS_TEST_SCRIPTS.Login_TC_002_Test" time="11.239" errors="0" timestamp="2023-12-27T12:41:25 IST" skipped="0">
  <testcase classname="TASK_DWS_TEST_SCRIPTS.Login_TC_002_Test" name="Login" time="11.239"/>
  <system-out>
TC_002 Login link is clicked Email-id is Entered already registered Password is Entered already registered Login Button is clicked and login is successfull  </system-out>
</testsuite> <!-- TASK_DWS_TEST_SCRIPTS.Login_TC_002_Test -->
