<?xml version="1.0" encoding="UTF-8"?>
<!-- Generated by org.testng.reporters.JUnitReportReporter -->
<testsuite hostname="LENOVO" failures="0" tests="1" name="TASK_DWS_TEST_SCRIPTS.Registration_TC_001" time="8.873" errors="0" timestamp="2023-12-26T15:25:02 IST" skipped="0">
  <testcase classname="TASK_DWS_TEST_SCRIPTS.Registration_TC_001" name="Register" time="8.873"/>
  <system-out>
Registerlink is clicked gender is selected firstname is entered lastname is entered Email-id is entered Password is entered confirm password is entered Register button is clicked  </system-out>
</testsuite> <!-- TASK_DWS_TEST_SCRIPTS.Registration_TC_001 -->
