<?xml version="1.0" encoding="UTF-8"?>
<!-- Generated by org.testng.reporters.JUnitReportReporter -->
<testsuite hostname="LENOVO" failures="0" tests="1" name="TASK_DWS_TEST_SCRIPTS.Registration_TC_001_Test" time="20.851" errors="0" timestamp="2023-12-27T12:02:03 IST" skipped="0">
  <testcase classname="TASK_DWS_TEST_SCRIPTS.Registration_TC_001_Test" name="Register" time="20.851"/>
  <system-out>
TC_001 Registerlink present in nav bar is clicked driver focus is in registration page gender is selected firstname is entered lastname is entered Email-id is entered Password is entered confirm password is entered Register button is clicked successfully registered iff registering for the first time The specified email already exists  </system-out>
</testsuite> <!-- TASK_DWS_TEST_SCRIPTS.Registration_TC_001_Test -->
