<?xml version="1.0" encoding="UTF-8"?>
<!-- Generated by org.testng.reporters.JUnitReportReporter -->
<testsuite hostname="LENOVO" failures="0" tests="1" name="TASK_DWS_TEST_SCRIPTS.Login_removefromcart_TC_004" time="14.739" errors="0" timestamp="2023-12-26T15:59:02 IST" skipped="0">
  <testcase classname="TASK_DWS_TEST_SCRIPTS.Login_removefromcart_TC_004" name="Login_removefromcart" time="14.739"/>
  <system-out>
Login link is clicked Login is successfull iff already registered else register and login Books link is present in nav bar and is clicked Computing_and_Internet is clicked Add to cart is clicked ShoppingCartLink is clicked Remove checkbox is clicked,true update shopping cart button is clicked  </system-out>
</testsuite> <!-- TASK_DWS_TEST_SCRIPTS.Login_removefromcart_TC_004 -->
